This is XeTeX, Version 3.141592653-2.6-0.999993 (TeX Live 2021/W32TeX) (preloaded format=xelatex 2022.3.22)  29 MAR 2022 15:46
entering extended mode
 restricted \write18 enabled.
 %&-line parsing enabled.
**C:/Users/4216318/Desktop/StandardizedEvaluation/Formatted/Formatted.tex
(c:/Users/4216318/Desktop/StandardizedEvaluation/Formatted/Formatted.tex
LaTeX2e <2021-11-15> patch level 1
L3 programming layer <2022-02-24> (./w-art.cls
Document Class: w-art 2004/12/04 v0.9h document class for WILEY-VCH Verlag GmbH
 \& Co. KGaA, Weinheim
\aux@tw=\skip47
\TitleWidth=\skip48
\vch@skip=\skip49
\BeforeMainTextSkip=\skip50
\MathIndentation=\skip51
(c:/Users/4216318/AppData/Roaming/TinyTeX/texmf-dist/tex/latex/base/fleqn.clo
File: fleqn.clo 2016/12/29 v1.2b Standard LaTeX option (flush left equations)
\mathindent=\skip52
Applying: [2015/01/01] Make \[ robust on input line 50.
LaTeX Info: Redefining \[ on input line 51.
Already applied: [0000/00/00] Make \[ robust on input line 62.
Applying: [2015/01/01] Make \] robust on input line 74.
LaTeX Info: Redefining \] on input line 75.
Already applied: [0000/00/00] Make \] robust on input line 83.
) (./w-bimj.clo
File: w-bimj.clo 2004/12/04 v0.9h style option for Biometrical Journal
\linespacing=\dimen138
\normalparindent=\dimen139
)
(c:/Users/4216318/AppData/Roaming/TinyTeX/texmf-dist/tex/latex/amsmath/amsmath.
sty
Package: amsmath 2021/10/15 v2.17l AMS math features
\@mathmargin=\skip53
For additional information on amsmath, use the `?' option.

(c:/Users/4216318/AppData/Roaming/TinyTeX/texmf-dist/tex/latex/amsmath/amstext.
sty
Package: amstext 2021/08/26 v2.01 AMS text

(c:/Users/4216318/AppData/Roaming/TinyTeX/texmf-dist/tex/latex/amsmath/amsgen.s
ty
File: amsgen.sty 1999/11/30 v2.0 generic functions
\@emptytoks=\toks16
\ex@=\dimen140
))
(c:/Users/4216318/AppData/Roaming/TinyTeX/texmf-dist/tex/latex/amsmath/amsbsy.s
ty
Package: amsbsy 1999/11/29 v1.2d Bold Symbols
\pmbraise@=\dimen141
)
(c:/Users/4216318/AppData/Roaming/TinyTeX/texmf-dist/tex/latex/amsmath/amsopn.s
ty
Package: amsopn 2021/08/26 v2.02 operator names
)
\inf@bad=\count181
LaTeX Info: Redefining \frac on input line 234.
\uproot@=\count182
\leftroot@=\count183
LaTeX Info: Redefining \overline on input line 399.
\classnum@=\count184
\DOTSCASE@=\count185
LaTeX Info: Redefining \ldots on input line 496.
LaTeX Info: Redefining \dots on input line 499.
LaTeX Info: Redefining \cdots on input line 620.
\Mathstrutbox@=\box50
\strutbox@=\box51
\big@size=\dimen142
LaTeX Font Info:    Redeclaring font encoding OML on input line 743.
LaTeX Font Info:    Redeclaring font encoding OMS on input line 744.
\macc@depth=\count186
\c@MaxMatrixCols=\count187
\dotsspace@=\muskip16
\c@parentequation=\count188
\dspbrk@lvl=\count189
\tag@help=\toks17
\row@=\count190
\column@=\count191
\maxfields@=\count192
\andhelp@=\toks18
\eqnshift@=\dimen143
\alignsep@=\dimen144
\tagshift@=\dimen145
\tagwidth@=\dimen146
\totwidth@=\dimen147
\lineht@=\dimen148
\@envbody=\toks19
\multlinegap=\skip54
\multlinetaggap=\skip55
\mathdisplay@stack=\toks20
LaTeX Info: Redefining \[ on input line 2938.
LaTeX Info: Redefining \] on input line 2939.
) (c:/Users/4216318/AppData/Roaming/TinyTeX/texmf-dist/tex/latex/tools/calc.sty
Package: calc 2017/05/25 v4.3 Infix arithmetic (KKT,FJ)
\calc@Acount=\count193
\calc@Bcount=\count194
\calc@Adimen=\dimen149
\calc@Bdimen=\dimen150
\calc@Askip=\skip56
\calc@Bskip=\skip57
LaTeX Info: Redefining \setlength on input line 80.
LaTeX Info: Redefining \addtolength on input line 81.
\calc@Ccount=\count195
\calc@Cskip=\skip58
)
\c@lastpage=\count196
\normaltopskip=\skip59
\numa=\count197
\numb=\count198
\abstractbox=\box52
\c@part=\count199
\c@section=\count266
\c@subsection=\count267
\c@subsubsection=\count268
\c@paragraph=\count269
\c@subparagraph=\count270
\linespacing=\dimen151
\normalparindent=\dimen152
\c@figure=\count271
\c@table=\count272
\abovecaptionskip=\skip60
\belowcaptionskip=\skip61
\captionwidth=\skip62
\vch@capl=\skip63
Can't find caption2.sty -- will use normal caption layout for oneline caption.
Can't find sidecap.sty -- will use normal caption
\bibindent=\dimen153
\c@tempc=\count273
\c@tempcc=\count274
)
(c:/Users/4216318/AppData/Roaming/TinyTeX/texmf-dist/tex/latex/psnfss/times.sty
Package: times 2020/03/25 PSNFSS-v9.3 (SPQR) 
) (./w-thm.sty
(c:/Users/4216318/AppData/Roaming/TinyTeX/texmf-dist/tex/latex/amscls/amsthm.st
y
Package: amsthm 2020/05/29 v2.20.6
\thm@style=\toks21
\thm@bodyfont=\toks22
\thm@headfont=\toks23
\thm@notefont=\toks24
\thm@headpunct=\toks25
\thm@preskip=\skip64
\thm@postskip=\skip65
\thm@headsep=\skip66
\dth@everypar=\toks26
)
\c@theorem=\count275
\c@axiom=\count276
\c@conjecture=\count277
) (./natbib.sty
Package: natbib 2007/02/05 8.0 (PWD)
\bibhang=\skip67
\bibsep=\skip68
LaTeX Info: Redefining \cite on input line 602.
\c@NAT@ctr=\count278
)
LaTeX Font Info:    Trying to load font information for TU+ptm on input line 93
.
LaTeX Font Info:    No file TUptm.fd. on input line 93.

LaTeX Font Warning: Font shape `TU/ptm/m/n' undefined
(Font)              using `TU/lmr/m/n' instead on input line 93.


(c:/Users/4216318/AppData/Roaming/TinyTeX/texmf-dist/tex/latex/l3backend/l3back
end-xetex.def
File: l3backend-xetex.def 2022-02-07 L3 backend support: XeTeX
(|extractbb --version)
\c__kernel_sys_dvipdfmx_version_int=\count279
\l__color_backend_stack_int=\count280
\g__color_backend_stack_int=\count281
\g__graphics_track_int=\count282
\l__pdf_internal_box=\box53
\g__pdf_backend_object_int=\count283
\g__pdf_backend_annotation_int=\count284
\g__pdf_backend_link_int=\count285
) (./Formatted.aux)
\openout1 = `Formatted.aux'.

LaTeX Font Info:    Checking defaults for OML/cmm/m/it on input line 93.
LaTeX Font Info:    ... okay on input line 93.
LaTeX Font Info:    Checking defaults for OMS/cmsy/m/n on input line 93.
LaTeX Font Info:    ... okay on input line 93.
LaTeX Font Info:    Checking defaults for OT1/cmr/m/n on input line 93.
LaTeX Font Info:    ... okay on input line 93.
LaTeX Font Info:    Checking defaults for T1/cmr/m/n on input line 93.
LaTeX Font Info:    ... okay on input line 93.
LaTeX Font Info:    Checking defaults for TS1/cmr/m/n on input line 93.
LaTeX Font Info:    Trying to load font information for TS1+cmr on input line 9
3.
(c:/Users/4216318/AppData/Roaming/TinyTeX/texmf-dist/tex/latex/base/ts1cmr.fd
File: ts1cmr.fd 2019/12/16 v2.5j Standard LaTeX font definitions
)
LaTeX Font Info:    ... okay on input line 93.
LaTeX Font Info:    Checking defaults for TU/lmr/m/n on input line 93.
LaTeX Font Info:    ... okay on input line 93.
LaTeX Font Info:    Checking defaults for OMX/cmex/m/n on input line 93.
LaTeX Font Info:    ... okay on input line 93.
LaTeX Font Info:    Checking defaults for U/cmr/m/n on input line 93.
LaTeX Font Info:    ... okay on input line 93.
Can't find sidecap.sty -- will use normal caption

LaTeX Font Warning: Font shape `TU/ptm/b/n' undefined
(Font)              using `TU/ptm/m/n' instead on input line 123.

LaTeX Font Info:    Trying to load font information for TU+phv on input line 12
3.
LaTeX Font Info:    No file TUphv.fd. on input line 123.

LaTeX Font Warning: Font shape `TU/phv/m/n' undefined
(Font)              using `TU/lmr/m/n' instead on input line 123.


LaTeX Font Warning: Font shape `TU/ptm/m/it' undefined
(Font)              using `TU/ptm/m/n' instead on input line 123.


Overfull \vbox (1.9253pt too high) has occurred while \output is active []

[1

] [2] [3] [4] [5]
Overfull \hbox (5.51662pt too wide) in paragraph at lines 282--298
 [] 
 []

[6]

LaTeX Warning: Reference `dgm_truth' on page 7 undefined on input line 328.

[7]
Overfull \hbox (9.85666pt too wide) in paragraph at lines 371--395
 [] 
 []

[8] [9] [10] (./Formatted.bbl [11])

Class w-art Warning: copyrightyear 2004 in copyrightinfo differs from currentye
ar 2010 in Year of issueinfo on input line 558.

[12] (./Formatted.aux)

LaTeX Font Warning: Some font shapes were not available, defaults substituted.


LaTeX Warning: There were undefined references.

 )
(\end occurred when \iffalse on line 123 was incomplete) 
Here is how much of TeX's memory you used:
 2222 strings out of 478179
 33661 string characters out of 5852732
 351219 words of memory out of 5000000
 22846 multiletter control sequences out of 15000+600000
 473179 words of font info for 49 fonts, out of 8000000 for 9000
 14 hyphenation exceptions out of 8191
 69i,9n,76p,1671b,344s stack positions out of 5000i,500n,10000p,200000b,80000s

Output written on Formatted.pdf (12 pages).
